
> dms-frontend@1.0.0 dev
> vite --port 5173 --host


  VITE v5.4.21  ready in 186 ms

  ➜  Local:   http://localhost:5173/
  ➜  Network: http://192.168.1.126:5173/
11:14:07 PM [vite] Pre-transform error: Failed to resolve import "../../services/api" from "src/pages/SearchPage.jsx". Does the file exist?
11:14:07 PM [vite] Internal server error: Failed to resolve import "../../services/api" from "src/pages/DocumentList.jsx". Does the file exist?
  Plugin: vite:import-analysis
  File: /Users/gukuntai/Desktop/Document control/frontend/src/pages/DocumentList.jsx:2:118
  17 |  var _s = $RefreshSig$();
  18 |  import React, { useState, useEffect } from "react";
  19 |  import { getDocuments, exportDocumentListCSV, exportDocumentListExcel, getSettingsUsers, getSettingsCategories } from "../../services/api";
     |                                                                                                                         ^
  20 |  import DocumentUpload from "../documents/DocumentUpload";
  21 |  import StatusBadge from "../common/StatusBadge";
      at TransformPluginContext._formatError (file:///Users/gukuntai/Desktop/Document%20control/frontend/node_modules/vite/dist/node/chunks/dep-BK3b2jBa.js:49258:41)
      at TransformPluginContext.error (file:///Users/gukuntai/Desktop/Document%20control/frontend/node_modules/vite/dist/node/chunks/dep-BK3b2jBa.js:49253:16)
      at normalizeUrl (file:///Users/gukuntai/Desktop/Document%20control/frontend/node_modules/vite/dist/node/chunks/dep-BK3b2jBa.js:64307:23)
      at process.processTicksAndRejections (node:internal/process/task_queues:103:5)
      at async file:///Users/gukuntai/Desktop/Document%20control/frontend/node_modules/vite/dist/node/chunks/dep-BK3b2jBa.js:64439:39
      at async Promise.all (index 4)
      at async TransformPluginContext.transform (file:///Users/gukuntai/Desktop/Document%20control/frontend/node_modules/vite/dist/node/chunks/dep-BK3b2jBa.js:64366:7)
      at async PluginContainer.transform (file:///Users/gukuntai/Desktop/Document%20control/frontend/node_modules/vite/dist/node/chunks/dep-BK3b2jBa.js:49099:18)
      at async loadAndTransform (file:///Users/gukuntai/Desktop/Document%20control/frontend/node_modules/vite/dist/node/chunks/dep-BK3b2jBa.js:51978:27)
11:14:07 PM [vite] Pre-transform error: Failed to resolve import "../../services/api" from "src/pages/DocumentList.jsx". Does the file exist?
11:14:07 PM [vite] Internal server error: Failed to resolve import "../../services/api" from "src/pages/SearchPage.jsx". Does the file exist?
  Plugin: vite:import-analysis
  File: /Users/gukuntai/Desktop/Document control/frontend/src/pages/SearchPage.jsx:2:31
  17 |  var _s = $RefreshSig$();
  18 |  import React, { useState } from "react";
  19 |  import { semanticSearch } from "../../services/api";
     |                                  ^
  20 |  import StatusBadge from "../common/StatusBadge";
  21 |  import LoadingSpinner from "../common/LoadingSpinner";
      at TransformPluginContext._formatError (file:///Users/gukuntai/Desktop/Document%20control/frontend/node_modules/vite/dist/node/chunks/dep-BK3b2jBa.js:49258:41)
      at TransformPluginContext.error (file:///Users/gukuntai/Desktop/Document%20control/frontend/node_modules/vite/dist/node/chunks/dep-BK3b2jBa.js:49253:16)
      at normalizeUrl (file:///Users/gukuntai/Desktop/Document%20control/frontend/node_modules/vite/dist/node/chunks/dep-BK3b2jBa.js:64307:23)
      at process.processTicksAndRejections (node:internal/process/task_queues:103:5)
      at async file:///Users/gukuntai/Desktop/Document%20control/frontend/node_modules/vite/dist/node/chunks/dep-BK3b2jBa.js:64439:39
      at async Promise.all (index 4)
      at async TransformPluginContext.transform (file:///Users/gukuntai/Desktop/Document%20control/frontend/node_modules/vite/dist/node/chunks/dep-BK3b2jBa.js:64366:7)
      at async PluginContainer.transform (file:///Users/gukuntai/Desktop/Document%20control/frontend/node_modules/vite/dist/node/chunks/dep-BK3b2jBa.js:49099:18)
      at async loadAndTransform (file:///Users/gukuntai/Desktop/Document%20control/frontend/node_modules/vite/dist/node/chunks/dep-BK3b2jBa.js:51978:27)
      at async viteTransformMiddleware (file:///Users/gukuntai/Desktop/Document%20control/frontend/node_modules/vite/dist/node/chunks/dep-BK3b2jBa.js:62106:24)
11:18:22 PM [vite] hmr update /src/App.jsx, /src/index.css
11:18:23 PM [vite] Pre-transform error: Failed to resolve import "../../services/api" from "src/pages/SearchPage.jsx". Does the file exist?
11:18:23 PM [vite] Internal server error: Failed to resolve import "../../services/api" from "src/pages/SearchPage.jsx". Does the file exist?
  Plugin: vite:import-analysis
  File: /Users/gukuntai/Desktop/Document control/frontend/src/pages/SearchPage.jsx:2:31
  17 |  var _s = $RefreshSig$();
  18 |  import React, { useState } from "react";
  19 |  import { semanticSearch } from "../../services/api";
     |                                  ^
  20 |  import StatusBadge from "../common/StatusBadge";
  21 |  import LoadingSpinner from "../common/LoadingSpinner";
      at TransformPluginContext._formatError (file:///Users/gukuntai/Desktop/Document%20control/frontend/node_modules/vite/dist/node/chunks/dep-BK3b2jBa.js:49258:41)
      at TransformPluginContext.error (file:///Users/gukuntai/Desktop/Document%20control/frontend/node_modules/vite/dist/node/chunks/dep-BK3b2jBa.js:49253:16)
      at normalizeUrl (file:///Users/gukuntai/Desktop/Document%20control/frontend/node_modules/vite/dist/node/chunks/dep-BK3b2jBa.js:64307:23)
      at process.processTicksAndRejections (node:internal/process/task_queues:103:5)
      at async file:///Users/gukuntai/Desktop/Document%20control/frontend/node_modules/vite/dist/node/chunks/dep-BK3b2jBa.js:64439:39
      at async Promise.all (index 4)
      at async TransformPluginContext.transform (file:///Users/gukuntai/Desktop/Document%20control/frontend/node_modules/vite/dist/node/chunks/dep-BK3b2jBa.js:64366:7)
      at async PluginContainer.transform (file:///Users/gukuntai/Desktop/Document%20control/frontend/node_modules/vite/dist/node/chunks/dep-BK3b2jBa.js:49099:18)
      at async loadAndTransform (file:///Users/gukuntai/Desktop/Document%20control/frontend/node_modules/vite/dist/node/chunks/dep-BK3b2jBa.js:51978:27)
      at async viteTransformMiddleware (file:///Users/gukuntai/Desktop/Document%20control/frontend/node_modules/vite/dist/node/chunks/dep-BK3b2jBa.js:62106:24)
11:18:42 PM [vite] hmr update /src/App.jsx, /src/index.css
